<?xml version="1.0" encoding="UTF-8"?>
<testsuite xmlns:xsi="http://www.w3.org/2001/XMLSchema-instance" xsi:noNamespaceSchemaLocation="https://maven.apache.org/surefire/maven-surefire-plugin/xsd/surefire-test-report.xsd" name="BonusServiceTest" time="0.126" tests="4" errors="0" skipped="0" failures="3">
  <properties>
[...]
</properties>
  <testcase name="shouldCalculateWhenRegisteredAndBonusUnderLimit" classname="BonusServiceTest" time="0.065"/>
  <testcase name="shouldCalculateWhenNotRegisteredAndBonusOverLimit" classname="BonusServiceTest" time="0.029">
    <failure message="expected: &lt;30&gt; but was: &lt;500&gt;" type="org.opentest4j.AssertionFailedError"><![CDATA[org.opentest4j.AssertionFailedError: expected: <30> but was: <500>
	at BonusServiceTest.shouldCalculateWhenNotRegisteredAndBonusOverLimit(BonusServiceTest.java:67)
]]></failure>
  </testcase>
  <testcase name="shouldCalculateWhenRegisteredAndBonusOverLimit" classname="BonusServiceTest" time="0.003">
    <failure message="expected: &lt;30&gt; but was: &lt;500&gt;" type="org.opentest4j.AssertionFailedError"><![CDATA[org.opentest4j.AssertionFailedError: expected: <30> but was: <500>
	at BonusServiceTest.shouldCalculateWhenRegisteredAndBonusOverLimit(BonusServiceTest.java:35)
]]></failure>
  </testcase>
  <testcase name="shouldCalculateWhenNotRegisteredAndBonusUnderLimit" classname="BonusServiceTest" time="0.003">
    <failure message="expected: &lt;30&gt; but was: &lt;10&gt;" type="org.opentest4j.AssertionFailedError"><![CDATA[org.opentest4j.AssertionFailedError: expected: <30> but was: <10>
	at BonusServiceTest.shouldCalculateWhenNotRegisteredAndBonusUnderLimit(BonusServiceTest.java:51)
]]></failure>
  </testcase>
</testsuite>